<?xml version="1.0" encoding="UTF-8"?>
<!-- Generated by org.testng.reporters.JUnitReportReporter -->
<testsuite skipped="0" hostname="KIT1085" name="POM.POM.Test.VerifyLoginandDashboard" tests="1" failures="0" timestamp="07 Jul 2019 07:30:33 GMT" time="4.280" errors="0">
  <testcase name="VeifyLogin" time="4.280" classname="POM.POM.Test.VerifyLoginandDashboard"/>
</testsuite> <!-- POM.POM.Test.VerifyLoginandDashboard -->
