<?xml version="1.0" encoding="UTF-8"?>
<!-- Generated by org.testng.reporters.JUnitReportReporter -->
<testsuite skipped="0" hostname="KIT1085" name="testNG.SampleTest" tests="1" failures="0" timestamp="06 Jul 2019 08:16:06 GMT" time="0.000" errors="0">
  <testcase name="f" time="0.000" classname="testNG.SampleTest"/>
</testsuite> <!-- testNG.SampleTest -->
